

*******************************************************************************
Thu Oct 23 18:05:56 2025


FIT:    data read from "tiemposOrdenacion.dat"
        format = z
        #datapoints = 200
        residuals are weighted equally (unit weight)

function used for fitting: f(x)
	f(x) = a*x + b
fitted parameters initialized with current variable values

iter      chisq       delta/lim  lambda   a             b            
   0 6.7368507968e+07   0.00e+00  4.10e+02    1.000000e+00   1.000000e+00
   6 4.8304162254e-05  -8.04e-05  4.10e-04    1.879947e-06  -3.023235e-04

After 6 iterations the fit converged.
final sum of squares of residuals : 4.83042e-05
rel. change during last iteration : -8.04212e-10

degrees of freedom    (FIT_NDF)                        : 198
rms of residuals      (FIT_STDFIT) = sqrt(WSSR/ndf)    : 0.000493923
variance of residuals (reduced chisquare) = WSSR/ndf   : 2.4396e-07

Final set of parameters            Asymptotic Standard Error
=======================            ==========================
a               = 1.87995e-06      +/- 1.21e-07     (6.436%)
b               = -0.000302323     +/- 7.011e-05    (23.19%)

correlation matrix of the fit parameters:
                a      b      
a               1.000 
b              -0.867  1.000 
